<?xml version="1.0" encoding="UTF-8"?>
<!-- Generated by org.testng.reporters.JUnitReportReporter -->
<testsuite hostname="VPC-TNUZUM2" failures="0" tests="1" name="CORE.CorporateInfo.GetActiveClubsTest" time="1.886" errors="0" timestamp="2020-04-09T12:24:59 CDT" skipped="0">
  <testcase classname="CORE.CorporateInfo.GetActiveClubsTest" name="getActiveClubs" time="1.886"/>
  <system-out/>
</testsuite> <!-- CORE.CorporateInfo.GetActiveClubsTest -->
