<?xml version="1.0" encoding="UTF-8"?>
<!-- Generated by org.testng.reporters.JUnitReportReporter -->
<testsuite hostname="VPC-BKALLE" failures="0" tests="1" name="CORE.CustomerInfo.GetCustomerInfoTest" time="3.707" errors="0" timestamp="2020-04-04T18:33:58 EDT" skipped="0">
  <testcase classname="CORE.CustomerInfo.GetCustomerInfoTest" name="customerFound" time="3.707"/>
  <system-out/>
</testsuite> <!-- CORE.CustomerInfo.GetCustomerInfoTest -->
