<?xml version="1.0" encoding="UTF-8"?>
<!-- Generated by org.testng.reporters.JUnitReportReporter -->
<testsuite hostname="VPC-BKALLE" failures="0" tests="3" name="messagingService.SendCourseStandbyPromotionEmail" time="4.493" errors="0" timestamp="2020-06-18T16:20:14 EDT" skipped="0">
  <testcase classname="messagingService.SendCourseStandbyPromotionEmail" name="sendCourseStandbyPromotionEmail" time="3.179"/>
  <system-out/>
  <testcase classname="messagingService.SendCourseStandbyPromotionEmail" name="InvalidEnrollmentId" time="0.250"/>
  <system-out/>
  <testcase classname="messagingService.SendCourseStandbyPromotionEmail" name="sendCourseIdForClassId" time="1.064"/>
  <system-out/>
</testsuite> <!-- messagingService.SendCourseStandbyPromotionEmail -->
