<?xml version="1.0" encoding="UTF-8"?>
<!-- Generated by org.testng.reporters.JUnitReportReporter -->
<testsuite hostname="VPC-BKALLE" failures="0" tests="6" name="CORE.MessagingService.SendFamilyClassEnrollmentConfirmationEmailTest" time="3.007" errors="0" timestamp="2020-04-04T18:38:40 EDT" skipped="0">
  <testcase classname="CORE.MessagingService.SendFamilyClassEnrollmentConfirmationEmailTest" name="SendFamilyClassEnrollmentConfirmationEmail" time="1.560"/>
  <system-out/>
  <testcase classname="CORE.MessagingService.SendFamilyClassEnrollmentConfirmationEmailTest" name="SendFamilyClassEnrollmentOnlyConfirmationEmail" time="0.234"/>
  <system-out/>
  <testcase classname="CORE.MessagingService.SendFamilyClassEnrollmentConfirmationEmailTest" name="SendFamilyClassStandbyOnlyConfirmationEmail" time="0.249"/>
  <system-out/>
  <testcase classname="CORE.MessagingService.SendFamilyClassEnrollmentConfirmationEmailTest" name="SendFamilyClassEnrollmentAndStandbyNoHohConfirmationEmail" time="0.188"/>
  <system-out/>
  <testcase classname="CORE.MessagingService.SendFamilyClassEnrollmentConfirmationEmailTest" name="InvalidCustomerId" time="0.547"/>
  <system-out/>
  <testcase classname="CORE.MessagingService.SendFamilyClassEnrollmentConfirmationEmailTest" name="InvalidEnrollmentId" time="0.229"/>
  <system-out/>
</testsuite> <!-- CORE.MessagingService.SendFamilyClassEnrollmentConfirmationEmailTest -->
