<?xml version="1.0" encoding="UTF-8"?>
<!-- Generated by org.testng.reporters.JUnitReportReporter -->
<testsuite hostname="VPC-TNUZUM2" failures="0" tests="12" name="CORE.PackageService.GetPackageDetailsTest" time="3.838" errors="0" timestamp="2020-04-09T16:01:42 CDT" skipped="0">
  <testcase classname="CORE.PackageService.GetPackageDetailsTest" name="serviceNotFoundNotAllowedOnlineRestrictFalse" time="0.299"/>
  <system-out/>
  <testcase classname="CORE.PackageService.GetPackageDetailsTest" name="trainingFoundRestrictFalse" time="0.369"/>
  <system-out/>
  <testcase classname="CORE.PackageService.GetPackageDetailsTest" name="serviceFoundRestrictTrue" time="0.567"/>
  <system-out/>
  <testcase classname="CORE.PackageService.GetPackageDetailsTest" name="trainingNotFoundInactiveRestrictTrue" time="0.129"/>
  <system-out/>
  <testcase classname="CORE.PackageService.GetPackageDetailsTest" name="serviceFoundRestrictFalse" time="0.517"/>
  <system-out/>
  <testcase classname="CORE.PackageService.GetPackageDetailsTest" name="serviceNotFoundInactiveRestrictTrue" time="0.140"/>
  <system-out/>
  <testcase classname="CORE.PackageService.GetPackageDetailsTest" name="serviceNotFoundInactiveRestrictFalse" time="0.381"/>
  <system-out/>
  <testcase classname="CORE.PackageService.GetPackageDetailsTest" name="trainingFoundInactiveRestrictFalse" time="0.416"/>
  <system-out/>
  <testcase classname="CORE.PackageService.GetPackageDetailsTest" name="serviceNotFoundNotAllowedOnlineRestrictTrue" time="0.125"/>
  <system-out/>
  <testcase classname="CORE.PackageService.GetPackageDetailsTest" name="trainingFoundNotAllowedOnlineRestrictFalse" time="0.393"/>
  <system-out/>
  <testcase classname="CORE.PackageService.GetPackageDetailsTest" name="trainingFoundRestrictTrue" time="0.379"/>
  <system-out/>
  <testcase classname="CORE.PackageService.GetPackageDetailsTest" name="trainingNotFoundNotAllowedOnlineRestrictTrue" time="0.123"/>
  <system-out/>
</testsuite> <!-- CORE.PackageService.GetPackageDetailsTest -->
