<?xml version="1.0" encoding="UTF-8"?>
<!-- Generated by org.testng.reporters.JUnitReportReporter -->
<testsuite hostname="VPC-TNUZUM2" failures="0" tests="2" name="CORE.CorporateInfo.GetBranding" time="1.611" errors="0" timestamp="2020-04-09T16:01:42 CDT" skipped="0">
  <testcase classname="CORE.CorporateInfo.GetBranding" name="getJOLBranding" time="0.807"/>
  <system-out/>
  <testcase classname="CORE.CorporateInfo.GetBranding" name="getEMEBranding" time="0.804"/>
  <system-out/>
</testsuite> <!-- CORE.CorporateInfo.GetBranding -->
