<?xml version="1.0" encoding="UTF-8"?>
<!-- Generated by org.testng.reporters.JUnitReportReporter -->
<testsuite hostname="VPC-TNUZUM2" failures="0" tests="2" name="CORE.CorporateInfo.GetBrandingLogo" time="0.686" errors="0" timestamp="2020-04-09T16:01:42 CDT" skipped="0">
  <testcase classname="CORE.CorporateInfo.GetBrandingLogo" name="getEMEBrandingLogo" time="0.278"/>
  <system-out/>
  <testcase classname="CORE.CorporateInfo.GetBrandingLogo" name="getJOLBrandingLogo" time="0.408"/>
  <system-out/>
</testsuite> <!-- CORE.CorporateInfo.GetBrandingLogo -->
