<?xml version="1.0" encoding="UTF-8"?>
<!-- Generated by org.testng.reporters.JUnitReportReporter -->
<testsuite hostname="VPC-TNUZUM2" failures="0" tests="2" name="CORE.CustomerInfo.GetMemberAccessibleClubs" time="0.378" errors="0" timestamp="2020-04-09T16:01:42 CDT" skipped="0">
  <testcase classname="CORE.CustomerInfo.GetMemberAccessibleClubs" name="familyMemberNotFound" time="0.156"/>
  <system-out/>
  <testcase classname="CORE.CustomerInfo.GetMemberAccessibleClubs" name="clubsFound" time="0.222"/>
  <system-out/>
</testsuite> <!-- CORE.CustomerInfo.GetMemberAccessibleClubs -->
