<?xml version="1.0" encoding="UTF-8"?>
<!-- Generated by org.testng.reporters.JUnitReportReporter -->
<testsuite hostname="VPC-TNUZUM2" failures="0" tests="1" name="ChangeRequests.GetPersonalnformation" time="1.884" errors="0" timestamp="2020-04-09T10:00:53 CDT" skipped="0">
  <testcase classname="ChangeRequests.GetPersonalnformation" name="pendingChanges" time="1.884"/>
  <system-out/>
</testsuite> <!-- ChangeRequests.GetPersonalnformation -->
