<?xml version="1.0" encoding="UTF-8"?>
<!-- Generated by org.testng.reporters.JUnitReportReporter -->
<testsuite hostname="VPC-BKALLE" failures="0" tests="2" name="CORE.MessagingService.SendCustomerCourseEnrollmentConfirmationEmailTest" time="2.546" errors="0" timestamp="2020-04-05T01:26:56 EDT" skipped="0">
  <testcase classname="CORE.MessagingService.SendCustomerCourseEnrollmentConfirmationEmailTest" name="SendCustomerCourseEnrollmentConfirmationEmail" time="1.955"/>
  <system-out/>
  <testcase classname="CORE.MessagingService.SendCustomerCourseEnrollmentConfirmationEmailTest" name="InvalidEnrollmentId" time="0.591"/>
  <system-out/>
</testsuite> <!-- CORE.MessagingService.SendCustomerCourseEnrollmentConfirmationEmailTest -->
