<?xml version="1.0" encoding="UTF-8"?>
<!-- Generated by org.testng.reporters.JUnitReportReporter -->
<testsuite hostname="VPC-TNUZUM2" failures="0" tests="1" name="CORE.CorporateInfo.GetClubInfoTest" time="1.772" errors="0" timestamp="2020-04-09T12:16:29 CDT" skipped="0">
  <testcase classname="CORE.CorporateInfo.GetClubInfoTest" name="getClub1Info" time="1.772"/>
  <system-out/>
</testsuite> <!-- CORE.CorporateInfo.GetClubInfoTest -->
