<?xml version="1.0" encoding="UTF-8"?>
<!-- Generated by org.testng.reporters.JUnitReportReporter -->
<testsuite hostname="VPC-TNUZUM2" failures="0" tests="2" name="CORE.PackageService.GetAvailablePackagesByClubTest" time="2.287" errors="0" timestamp="2020-04-09T16:01:42 CDT" skipped="0">
  <testcase classname="CORE.PackageService.GetAvailablePackagesByClubTest" name="customerNotFound" time="0.149"/>
  <system-out/>
  <testcase classname="CORE.PackageService.GetAvailablePackagesByClubTest" name="packagesFound" time="2.138"/>
  <system-out/>
</testsuite> <!-- CORE.PackageService.GetAvailablePackagesByClubTest -->
