<?xml version="1.0" encoding="UTF-8"?>
<!-- Generated by org.testng.reporters.JUnitReportReporter -->
<testsuite hostname="VPC-TNUZUM2" failures="0" tests="4" name="CORE.CustomerInfo.UpdatePreferredPhoneNumber" time="1.043" errors="0" timestamp="2020-04-09T16:01:42 CDT" skipped="0">
  <testcase classname="CORE.CustomerInfo.UpdatePreferredPhoneNumber" name="preferredPhoneUpdatedHome" time="0.293"/>
  <system-out/>
  <testcase classname="CORE.CustomerInfo.UpdatePreferredPhoneNumber" name="preferredPhoneUpdatedWork" time="0.306"/>
  <system-out/>
  <testcase classname="CORE.CustomerInfo.UpdatePreferredPhoneNumber" name="preferredPhoneUpdatedMobile" time="0.295"/>
  <system-out/>
  <testcase classname="CORE.CustomerInfo.UpdatePreferredPhoneNumber" name="preferredPhoneNotUpdated" time="0.149"/>
  <system-out/>
</testsuite> <!-- CORE.CustomerInfo.UpdatePreferredPhoneNumber -->
