<?xml version="1.0" encoding="UTF-8"?>
<!-- Generated by org.testng.reporters.JUnitReportReporter -->
<testsuite hostname="VPC-TNUZUM2" failures="0" tests="2" name="CORE.CustomerInfo.UpdateCustomerInterests" time="0.369" errors="0" timestamp="2020-04-09T16:01:42 CDT" skipped="0">
  <testcase classname="CORE.CustomerInfo.UpdateCustomerInterests" name="interestRemoved" time="0.155"/>
  <system-out/>
  <testcase classname="CORE.CustomerInfo.UpdateCustomerInterests" name="interestAdded" time="0.214"/>
  <system-out/>
</testsuite> <!-- CORE.CustomerInfo.UpdateCustomerInterests -->
