<?xml version="1.0" encoding="UTF-8"?>
<!-- Generated by org.testng.reporters.JUnitReportReporter -->
<testsuite hostname="VPC-TNUZUM2" failures="0" tests="2" name="CORE.CustomerInfo.GetFullFamilyForTest" time="0.673" errors="0" timestamp="2020-04-09T16:01:42 CDT" skipped="0">
  <testcase classname="CORE.CustomerInfo.GetFullFamilyForTest" name="familyMemberNotFound" time="0.174"/>
  <system-out/>
  <testcase classname="CORE.CustomerInfo.GetFullFamilyForTest" name="familyFound" time="0.499"/>
  <system-out/>
</testsuite> <!-- CORE.CustomerInfo.GetFullFamilyForTest -->
