<?xml version="1.0" encoding="UTF-8"?>
<!-- Generated by org.testng.reporters.JUnitReportReporter -->
<testsuite hostname="VPC-TNUZUM2" failures="0" tests="2" name="CORE.PackageService.GetPackageTest" time="0.704" errors="0" timestamp="2020-04-09T16:01:42 CDT" skipped="0">
  <testcase classname="CORE.PackageService.GetPackageTest" name="servicePackageFound" time="0.317"/>
  <system-out/>
  <testcase classname="CORE.PackageService.GetPackageTest" name="trainingPackageFound" time="0.387"/>
  <system-out/>
</testsuite> <!-- CORE.PackageService.GetPackageTest -->
