<?xml version="1.0" encoding="UTF-8"?>
<!-- Generated by org.testng.reporters.JUnitReportReporter -->
<testsuite hostname="VPC-TNUZUM2" failures="0" tests="1" name="CORE.CorporateInfo.GetClubAcceptedCreditCards" time="0.252" errors="0" timestamp="2020-04-09T16:01:42 CDT" skipped="0">
  <testcase classname="CORE.CorporateInfo.GetClubAcceptedCreditCards" name="getCards" time="0.252"/>
  <system-out/>
</testsuite> <!-- CORE.CorporateInfo.GetClubAcceptedCreditCards -->
