<?xml version="1.0" encoding="UTF-8"?>
<!-- Generated by org.testng.reporters.JUnitReportReporter -->
<testsuite hostname="VPC-BKALLE" failures="0" tests="2" name="CORE.MessagingService.SendCustomerClassEnrollmentConfirmationEmailTest" time="2.415" errors="0" timestamp="2020-04-05T01:23:41 EDT" skipped="0">
  <testcase classname="CORE.MessagingService.SendCustomerClassEnrollmentConfirmationEmailTest" name="SendCustomerClassEnrollmentConfirmationEmail" time="1.779"/>
  <system-out/>
  <testcase classname="CORE.MessagingService.SendCustomerClassEnrollmentConfirmationEmailTest" name="InvalidEnrollmentId" time="0.636"/>
  <system-out/>
</testsuite> <!-- CORE.MessagingService.SendCustomerClassEnrollmentConfirmationEmailTest -->
