<?xml version="1.0" encoding="UTF-8"?>
<!-- Generated by org.testng.reporters.JUnitReportReporter -->
<testsuite hostname="VPC-TNUZUM2" failures="0" tests="1" name="ChangeRequests.UpdateStoredBankAccount" time="1.309" errors="0" timestamp="2020-04-09T09:42:28 CDT" skipped="0">
  <testcase classname="ChangeRequests.UpdateStoredBankAccount" name="updateBillingName" time="1.309"/>
  <system-out/>
</testsuite> <!-- ChangeRequests.UpdateStoredBankAccount -->
