<?xml version="1.0" encoding="UTF-8"?>
<!-- Generated by org.testng.reporters.JUnitReportReporter -->
<testsuite hostname="VPC-BKALLE" failures="0" tests="6" name="CORE.MessagingService.SendFamilyCourseEnrollmentConfirmationEmailTest" time="3.246" errors="0" timestamp="2020-04-05T16:11:21 EDT" skipped="0">
  <testcase classname="CORE.MessagingService.SendFamilyCourseEnrollmentConfirmationEmailTest" name="SendFamilyCourseEnrollmentConfirmationEmail" time="1.688"/>
  <system-out/>
  <testcase classname="CORE.MessagingService.SendFamilyCourseEnrollmentConfirmationEmailTest" name="SendFamilyCourseEnrollmentOnlyConfirmationEmail" time="0.229"/>
  <system-out/>
  <testcase classname="CORE.MessagingService.SendFamilyCourseEnrollmentConfirmationEmailTest" name="SendFamilyCourseStandbyOnlyConfirmationEmail" time="0.225"/>
  <system-out/>
  <testcase classname="CORE.MessagingService.SendFamilyCourseEnrollmentConfirmationEmailTest" name="SendFamilyCourseEnrollmentAndStandbyNoHohConfirmationEmail" time="0.239"/>
  <system-out/>
  <testcase classname="CORE.MessagingService.SendFamilyCourseEnrollmentConfirmationEmailTest" name="InvalidCustomerId" time="0.601"/>
  <system-out/>
  <testcase classname="CORE.MessagingService.SendFamilyCourseEnrollmentConfirmationEmailTest" name="InvalidEnrollmentId" time="0.264"/>
  <system-out/>
</testsuite> <!-- CORE.MessagingService.SendFamilyCourseEnrollmentConfirmationEmailTest -->
