<?xml version="1.0" encoding="UTF-8"?>
<!-- Generated by org.testng.reporters.JUnitReportReporter -->
<testsuite hostname="VPC-TNUZUM2" failures="0" tests="2" name="CORE.PackageService.GetAvailablePackagesByClubOnlineBypassTest" time="4.542" errors="0" timestamp="2020-04-09T16:01:42 CDT" skipped="0">
  <testcase classname="CORE.PackageService.GetAvailablePackagesByClubOnlineBypassTest" name="packagesFoundNoOnlineBypass" time="2.053"/>
  <system-out/>
  <testcase classname="CORE.PackageService.GetAvailablePackagesByClubOnlineBypassTest" name="packagesFoundOnlineBypass" time="2.489"/>
  <system-out/>
</testsuite> <!-- CORE.PackageService.GetAvailablePackagesByClubOnlineBypassTest -->
