<?xml version="1.0" encoding="UTF-8"?>
<!-- Generated by org.testng.reporters.JUnitReportReporter -->
<testsuite hostname="VPC-BKALLE" failures="0" tests="1" name="CORE.MessagingService.SendCustomerCourseEnrollmentConfirmationEmailTest" time="2.057" errors="0" timestamp="2020-04-05T15:59:43 EDT" skipped="0">
  <testcase classname="CORE.MessagingService.SendCustomerCourseEnrollmentConfirmationEmailTest" name="SendCustomerCourseEnrollmentConfirmationEmail" time="2.057"/>
  <system-out/>
</testsuite> <!-- CORE.MessagingService.SendCustomerCourseEnrollmentConfirmationEmailTest -->
