<?xml version="1.0" encoding="UTF-8"?>
<!-- Generated by org.testng.reporters.JUnitReportReporter -->
<testsuite hostname="VPC-TNUZUM2" failures="0" tests="3" name="CORE.CustomerInfo.UpdateHeadOfHousehold" time="0.768" errors="0" timestamp="2020-04-09T16:01:42 CDT" skipped="0">
  <testcase classname="CORE.CustomerInfo.UpdateHeadOfHousehold" name="headOfHouseholdUpdated1" time="0.285"/>
  <system-out/>
  <testcase classname="CORE.CustomerInfo.UpdateHeadOfHousehold" name="headOfHouseholdUpdated2" time="0.343"/>
  <system-out/>
  <testcase classname="CORE.CustomerInfo.UpdateHeadOfHousehold" name="headOfHouseholdNotUpdated" time="0.140"/>
  <system-out/>
</testsuite> <!-- CORE.CustomerInfo.UpdateHeadOfHousehold -->
