<?xml version="1.0" encoding="UTF-8"?>
<!-- Generated by org.testng.reporters.JUnitReportReporter -->
<testsuite hostname="VPC-TNUZUM2" failures="0" tests="2" name="CORE.CustomerInfo.SearchMembers" time="0.723" errors="0" timestamp="2020-04-09T16:01:42 CDT" skipped="0">
  <testcase classname="CORE.CustomerInfo.SearchMembers" name="membersFound" time="0.562"/>
  <system-out/>
  <testcase classname="CORE.CustomerInfo.SearchMembers" name="membersNotFound" time="0.161"/>
  <system-out/>
</testsuite> <!-- CORE.CustomerInfo.SearchMembers -->
