<?xml version="1.0" encoding="UTF-8"?>
<!-- Generated by org.testng.reporters.JUnitReportReporter -->
<testsuite hostname="VPC-TNUZUM2" failures="0" tests="2" name="CORE.CustomerInfo.GetCustomerInfoTest" time="1.254" errors="0" timestamp="2020-04-09T16:01:42 CDT" skipped="0">
  <testcase classname="CORE.CustomerInfo.GetCustomerInfoTest" name="customerFound" time="1.013"/>
  <system-out/>
  <testcase classname="CORE.CustomerInfo.GetCustomerInfoTest" name="customerNotFound" time="0.241"/>
  <system-out/>
</testsuite> <!-- CORE.CustomerInfo.GetCustomerInfoTest -->
