<?xml version="1.0" encoding="UTF-8"?>
<!-- Generated by org.testng.reporters.JUnitReportReporter -->
<testsuite hostname="VPC-BKALLE" failures="0" tests="1" name="CORE.CorporateInfo.GetActiveClubsTest" time="2.336" errors="0" timestamp="2020-04-03T10:50:04 EDT" skipped="0">
  <testcase classname="CORE.CorporateInfo.GetActiveClubsTest" name="getActiveClubs" time="2.336"/>
  <system-out/>
</testsuite> <!-- CORE.CorporateInfo.GetActiveClubsTest -->
