<?xml version="1.0" encoding="UTF-8"?>
<!-- Generated by org.testng.reporters.JUnitReportReporter -->
<testsuite hostname="VPC-TNUZUM2" failures="0" tests="2" name="CORE.CustomerInfo.UpdateCustomerName" time="0.730" errors="0" timestamp="2020-04-09T16:01:42 CDT" skipped="0">
  <testcase classname="CORE.CustomerInfo.UpdateCustomerName" name="customerNameUpdated" time="0.354"/>
  <system-out/>
  <testcase classname="CORE.CustomerInfo.UpdateCustomerName" name="customerNameUpdated2" time="0.376"/>
  <system-out/>
</testsuite> <!-- CORE.CustomerInfo.UpdateCustomerName -->
