<?xml version="1.0" encoding="UTF-8"?>
<!-- Generated by org.testng.reporters.JUnitReportReporter -->
<testsuite hostname="VPC-TNUZUM2" failures="0" tests="3" name="CORE.CorporateInfo.GetClubInfo" time="0.922" errors="0" timestamp="2020-04-09T16:01:42 CDT" skipped="0">
  <testcase classname="CORE.CorporateInfo.GetClubInfo" name="getClub1Info" time="0.328"/>
  <system-out/>
  <testcase classname="CORE.CorporateInfo.GetClubInfo" name="getClub2Info" time="0.296"/>
  <system-out/>
  <testcase classname="CORE.CorporateInfo.GetClubInfo" name="inactiveClub" time="0.298"/>
  <system-out/>
</testsuite> <!-- CORE.CorporateInfo.GetClubInfo -->
