<?xml version="1.0" encoding="UTF-8"?>
<!-- Generated by org.testng.reporters.JUnitReportReporter -->
<testsuite hostname="VPC-BKALLE" failures="1" tests="10" name="General.EmailConfirmations" time="0.066" errors="0" timestamp="2020-04-03T23:43:39 EDT" skipped="9">
  <testcase classname="General.EmailConfirmations" name="connectToEmail" time="0.066">
    <failure message="imaps" type="java.lang.AssertionError">
      <![CDATA[java.lang.AssertionError: imaps
at org.testng.Assert.fail(Assert.java:97)
at General.EmailConfirmations.connectToEmail(EmailConfirmations.java:26)
at java.base/jdk.internal.reflect.NativeMethodAccessorImpl.invoke0(Native Method)
at java.base/jdk.internal.reflect.NativeMethodAccessorImpl.invoke(NativeMethodAccessorImpl.java:62)
at java.base/jdk.internal.reflect.DelegatingMethodAccessorImpl.invoke(DelegatingMethodAccessorImpl.java:43)
at java.base/java.lang.reflect.Method.invoke(Method.java:567)
at org.testng.internal.MethodInvocationHelper.invokeMethod(MethodInvocationHelper.java:134)
at org.testng.internal.MethodInvocationHelper.invokeMethodConsideringTimeout(MethodInvocationHelper.java:63)
at org.testng.internal.ConfigInvoker.invokeConfigurationMethod(ConfigInvoker.java:348)
at org.testng.internal.ConfigInvoker.invokeConfigurations(ConfigInvoker.java:302)
at org.testng.internal.TestMethodWorker.invokeBeforeClassMethods(TestMethodWorker.java:176)
at org.testng.internal.TestMethodWorker.run(TestMethodWorker.java:122)
at java.base/java.util.ArrayList.forEach(ArrayList.java:1540)
at org.testng.TestRunner.privateRun(TestRunner.java:766)
at org.testng.TestRunner.run(TestRunner.java:587)
at org.testng.SuiteRunner.runTest(SuiteRunner.java:384)
at org.testng.SuiteRunner.runSequentially(SuiteRunner.java:378)
at org.testng.SuiteRunner.privateRun(SuiteRunner.java:337)
at org.testng.SuiteRunner.run(SuiteRunner.java:286)
at org.testng.SuiteRunnerWorker.runSuite(SuiteRunnerWorker.java:53)
at org.testng.SuiteRunnerWorker.run(SuiteRunnerWorker.java:96)
at org.testng.TestNG.runSuitesSequentially(TestNG.java:1187)
at org.testng.TestNG.runSuitesLocally(TestNG.java:1109)
at org.testng.TestNG.runSuites(TestNG.java:1039)
at org.testng.TestNG.run(TestNG.java:1007)
at org.testng.remote.AbstractRemoteTestNG.run(AbstractRemoteTestNG.java:115)
at org.testng.remote.RemoteTestNG.initAndRun(RemoteTestNG.java:251)
at org.testng.remote.RemoteTestNG.main(RemoteTestNG.java:77)
]]>
    </failure>
  </testcase> <!-- connectToEmail -->
  <system-out/>
  <testcase classname="General.EmailConfirmations" name="numberOfUnreadMails" time="0.000">
    <skipped/>
  </testcase> <!-- numberOfUnreadMails -->
  <system-out/>
  <testcase classname="General.EmailConfirmations" name="ClassEnrollmentConfirmation" time="0.000">
    <skipped/>
  </testcase> <!-- ClassEnrollmentConfirmation -->
  <system-out/>
  <testcase classname="General.EmailConfirmations" name="ClassUnenrollmentConfirmation" time="0.000">
    <skipped/>
  </testcase> <!-- ClassUnenrollmentConfirmation -->
  <system-out/>
  <testcase classname="General.EmailConfirmations" name="CourseEnrollmentConfirmation" time="0.000">
    <skipped/>
  </testcase> <!-- CourseEnrollmentConfirmation -->
  <system-out/>
  <testcase classname="General.EmailConfirmations" name="CourseUnenrollmentConfirmation" time="0.000">
    <skipped/>
  </testcase> <!-- CourseUnenrollmentConfirmation -->
  <system-out/>
  <testcase classname="General.EmailConfirmations" name="BookAppointmentConfirmation" time="0.000">
    <skipped/>
  </testcase> <!-- BookAppointmentConfirmation -->
  <system-out/>
  <testcase classname="General.EmailConfirmations" name="CancelApointmentConfirmation" time="0.000">
    <skipped/>
  </testcase> <!-- CancelApointmentConfirmation -->
  <system-out/>
  <testcase classname="General.EmailConfirmations" name="BookGroupAppointmentConfirmation" time="0.000">
    <skipped/>
  </testcase> <!-- BookGroupAppointmentConfirmation -->
  <system-out/>
  <testcase classname="General.EmailConfirmations" name="CancelGroupApointmentConfirmation" time="0.000">
    <skipped/>
  </testcase> <!-- CancelGroupApointmentConfirmation -->
  <system-out/>
</testsuite> <!-- General.EmailConfirmations -->
