<?xml version="1.0" encoding="UTF-8"?>
<!-- Generated by org.testng.reporters.JUnitReportReporter -->
<testsuite hostname="VPC-TNUZUM2" failures="0" tests="1" name="CORE.CorporateInfo.GetActiveClubs" time="1.792" errors="0" timestamp="2020-04-09T16:01:42 CDT" skipped="0">
  <testcase classname="CORE.CorporateInfo.GetActiveClubs" name="getActiveClubs" time="1.792"/>
  <system-out/>
</testsuite> <!-- CORE.CorporateInfo.GetActiveClubs -->
